<?xml version="1.0" encoding="UTF-8"?>
<!-- Generated by org.testng.reporters.JUnitXMLReporter -->
<testsuite ignored="0" hostname="DESKTOP-773JB5A" failures="0" tests="6" name="Test" time="40.473" errors="0" timestamp="2022-10-11T12:13:09 IST">
  <testcase classname="TestClasses.checklogifunctionality" name="Checklogifunctionality" time="6.26"/>
  <testcase classname="TestClasses.verifyusercangetlowestprizeproduct" name="verifyusercansearchproduct" time="6.253"/>
  <testcase classname="TestClasses.verifyusercangetlowestprizeproduct" name="Verifyusercangetlowestprizeproduct" time="4.503"/>
  <testcase classname="TestClasses.verifyusercanopenprofiledeetail" name="Verifyusercanopenprofiledeetail" time="3.202"/>
  <testcase classname="TestClasses.verifyusercanopenprofiledeetail" name="verifyusercanaddaddress" time="6.474"/>
  <testcase classname="TestClasses.verifyusercanopenprofiledeetail" name="verifyusercanaddaddress" time="6.441"/>
</testsuite> <!-- Test -->
